{
  "RSpec": {
    "coverage": {
      "C:/Rails_tutorial/repeat/config/environment.rb": {
        "lines": [
          null,
          1,
          null,
          null,
          1
        ]
      },
      "C:/Rails_tutorial/repeat/config/application.rb": {
        "lines": [
          1,
          null,
          1,
          null,
          null,
          null,
          1,
          null,
          1,
          1,
          null,
          1,
          null,
          null,
          null,
          null,
          1,
          1,
          null,
          null,
          null,
          null,
          null,
          null,
          null,
          null,
          null
        ]
      },
      "C:/Rails_tutorial/repeat/config/boot.rb": {
        "lines": [
          1,
          null,
          1,
          1
        ]
      },
      "C:/Rails_tutorial/repeat/config/environments/test.rb": {
        "lines": [
          1,
          null,
          null,
          null,
          null,
          null,
          null,
          1,
          null,
          null,
          null,
          1,
          null,
          null,
          null,
          null,
          null,
          1,
          null,
          null,
          1,
          1,
          null,
          null,
          null,
          null,
          1,
          1,
          1,
          null,
          null,
          1,
          null,
          null,
          1,
          null,
          null,
          1,
          null,
          1,
          null,
          null,
          null,
          null,
          1,
          null,
          null,
          1,
          null,
          null,
          1,
          null,
          null,
          1,
          null,
          null,
          null,
          null,
          null,
          null,
          null,
          null,
          1,
          null
        ]
      },
      "C:/Rails_tutorial/repeat/config/initializers/assets.rb": {
        "lines": [
          null,
          null,
          null,
          1,
          null,
          null,
          null,
          null,
          null,
          null,
          null,
          null
        ]
      },
      "C:/Rails_tutorial/repeat/config/initializers/cloudinary.rb": {
        "lines": [
          1,
          1,
          1,
          1,
          1,
          1,
          null
        ]
      },
      "C:/Rails_tutorial/repeat/config/initializers/content_security_policy.rb": {
        "lines": [
          null,
          null,
          null,
          null,
          null,
          null,
          null,
          null,
          null,
          null,
          null,
          null,
          null,
          null,
          null,
          null,
          null,
          null,
          null,
          null,
          null,
          null,
          null,
          null,
          null
        ]
      },
      "C:/Rails_tutorial/repeat/config/initializers/filter_parameter_logging.rb": {
        "lines": [
          null,
          null,
          null,
          null,
          null,
          1,
          null,
          null
        ]
      },
      "C:/Rails_tutorial/repeat/config/initializers/inflections.rb": {
        "lines": [
          null,
          null,
          null,
          null,
          null,
          null,
          null,
          null,
          null,
          null,
          null,
          null,
          null,
          null,
          null,
          null
        ]
      },
      "C:/Rails_tutorial/repeat/config/initializers/permissions_policy.rb": {
        "lines": [
          null,
          null,
          null,
          null,
          null,
          null,
          null,
          null,
          null,
          null,
          null,
          null,
          null
        ]
      },
      "C:/Rails_tutorial/repeat/spec/factories/factory.rb": {
        "lines": [
          1,
          1,
          null,
          38,
          38,
          38,
          38,
          38,
          null,
          1,
          1,
          1,
          1,
          1,
          null,
          null,
          null,
          1,
          37,
          null
        ]
      },
      "C:/Rails_tutorial/repeat/config/routes.rb": {
        "lines": [
          1,
          null,
          null,
          null,
          null,
          null,
          1,
          null,
          null,
          1,
          null,
          null,
          1,
          null,
          null,
          1,
          null,
          null,
          1,
          null,
          null,
          1,
          null,
          null,
          1,
          null,
          null,
          1,
          null,
          null,
          1,
          null,
          null,
          null,
          null,
          1,
          null,
          null,
          1,
          null,
          null,
          1,
          null,
          null,
          1,
          null,
          null,
          1,
          null,
          null,
          1,
          null,
          null,
          1,
          null,
          null,
          1,
          null,
          null,
          1,
          null,
          null,
          null,
          null,
          null,
          1,
          null,
          null,
          1,
          null,
          null,
          null,
          null,
          1,
          null,
          null,
          1,
          null,
          null,
          1,
          null,
          null,
          1,
          null,
          null,
          null,
          null,
          1,
          null,
          null,
          null,
          null,
          1,
          null,
          null,
          1,
          null,
          null,
          1,
          null,
          null,
          null,
          null,
          1,
          null,
          null,
          1,
          null,
          null,
          null
        ]
      },
      "C:/Rails_tutorial/repeat/app/helpers/application_helper.rb": {
        "lines": [
          1,
          null
        ]
      },
      "C:/Rails_tutorial/repeat/app/helpers/blocks_helper.rb": {
        "lines": [
          1,
          null
        ]
      },
      "C:/Rails_tutorial/repeat/app/helpers/friendships_helper.rb": {
        "lines": [
          1,
          null
        ]
      },
      "C:/Rails_tutorial/repeat/app/helpers/notifications_helper.rb": {
        "lines": [
          1,
          null
        ]
      },
      "C:/Rails_tutorial/repeat/app/helpers/passwords_helper.rb": {
        "lines": [
          1,
          null
        ]
      },
      "C:/Rails_tutorial/repeat/app/helpers/posts_helper.rb": {
        "lines": [
          1,
          null
        ]
      },
      "C:/Rails_tutorial/repeat/app/helpers/shares_helper.rb": {
        "lines": [
          1,
          null
        ]
      },
      "C:/Rails_tutorial/repeat/app/helpers/users_helper.rb": {
        "lines": [
          1,
          null
        ]
      },
      "C:/Rails_tutorial/repeat/app/models/friendship.rb": {
        "lines": [
          1,
          1,
          1,
          null,
          null
        ]
      },
      "C:/Rails_tutorial/repeat/app/models/application_record.rb": {
        "lines": [
          1,
          1,
          null
        ]
      },
      "C:/Rails_tutorial/repeat/app/models/user.rb": {
        "lines": [
          1,
          1,
          1,
          1,
          1,
          null,
          1,
          1,
          null,
          1,
          1,
          null,
          1,
          1,
          null,
          null,
          1,
          1,
          null,
          1,
          1,
          1,
          null,
          1,
          null,
          1,
          null,
          null,
          null,
          null
        ]
      },
      "C:/Rails_tutorial/repeat/app/models/block.rb": {
        "lines": [
          1,
          1,
          1,
          null
        ]
      },
      "C:/Rails_tutorial/repeat/lib/json_web_token.rb": {
        "lines": [
          1,
          null,
          1,
          null,
          1,
          6,
          null,
          6,
          null,
          null,
          null,
          null,
          1,
          6,
          null,
          6,
          null,
          null,
          null
        ]
      },
      "C:/Rails_tutorial/repeat/app/controllers/friendships_controller.rb": {
        "lines": [
          1,
          1,
          6,
          6,
          6,
          6,
          4,
          1,
          3,
          1,
          2,
          1,
          1,
          1,
          1,
          1,
          null,
          null,
          1,
          1,
          1,
          null,
          null,
          null,
          null,
          null,
          null,
          null,
          null,
          null,
          null,
          null,
          null,
          2,
          1,
          null,
          1,
          1,
          null,
          1,
          1,
          1,
          null,
          null,
          null,
          null,
          null,
          null,
          null,
          null,
          null,
          null,
          null,
          null,
          1,
          0,
          0,
          null,
          0,
          null,
          null,
          1,
          0,
          0,
          0,
          null,
          0,
          0,
          null,
          0,
          0,
          0,
          null,
          null,
          null,
          null,
          0,
          0,
          0,
          null,
          null,
          null,
          0,
          0,
          null,
          0,
          0,
          0,
          null,
          0,
          null,
          null,
          null,
          null,
          1,
          0,
          0,
          0,
          0,
          0,
          0,
          0,
          null,
          0,
          null,
          null,
          0,
          null,
          null,
          null
        ]
      },
      "C:/Rails_tutorial/repeat/app/controllers/application_controller.rb": {
        "lines": [
          null,
          1,
          1,
          null,
          1,
          1,
          null,
          1,
          null,
          1,
          6,
          6,
          null,
          6,
          6,
          null,
          null,
          null,
          0,
          null,
          null,
          null,
          1,
          0,
          null,
          null
        ]
      },
      "C:/Rails_tutorial/repeat/app/models/notification.rb": {
        "lines": [
          1,
          1,
          1,
          null
        ]
      }
    },
    "timestamp": 1710924983
  }
}
